[debug] [2024-03-31T21:08:16.180Z] ----------------------------------------------------------------------
[debug] [2024-03-31T21:08:16.182Z] Command:       C:\Users\kyech\DOWNLO~1\firebase-tools-instant-win.exe C:\Users\kyech\.cache\firebase\tools\lib\node_modules\firebase-tools\lib\bin\firebase init hosting
[debug] [2024-03-31T21:08:16.183Z] CLI Version:   13.6.0
[debug] [2024-03-31T21:08:16.183Z] Platform:      win32
[debug] [2024-03-31T21:08:16.183Z] Node Version:  v18.5.0
[debug] [2024-03-31T21:08:16.184Z] Time:          Sun Mar 31 2024 17:08:16 GMT-0400 (Eastern Daylight Time)
[debug] [2024-03-31T21:08:16.184Z] ----------------------------------------------------------------------
[debug] 
[debug] [2024-03-31T21:08:16.190Z] > command requires scopes: ["email","openid","https://www.googleapis.com/auth/cloudplatformprojects.readonly","https://www.googleapis.com/auth/firebase","https://www.googleapis.com/auth/cloud-platform"]
[debug] [2024-03-31T21:08:16.191Z] > authorizing via signed-in user (examjamofficial@gmail.com)
[info] 
     ######## #### ########  ######## ########     ###     ######  ########
     ##        ##  ##     ## ##       ##     ##  ##   ##  ##       ##
     ######    ##  ########  ######   ########  #########  ######  ######
     ##        ##  ##    ##  ##       ##     ## ##     ##       ## ##
     ##       #### ##     ## ######## ########  ##     ##  ######  ########

You're about to initialize a Firebase project in this directory:

  C:\Users\kyech\CS230\exam-jam

[info] 
=== Project Setup
[info] 
[info] First, let's associate this project directory with a Firebase project.
[info] You can create multiple project aliases by running firebase use --add, 
[info] but for now we'll just set up a default project.
[info] 
[info] i  If you want to create a project in a Google Cloud organization or folder, please use "firebase projects:create" instead, and return to this command when you've created the project. 
[debug] [2024-03-31T21:09:09.819Z] >>> [apiv2][query] POST https://cloudresourcemanager.googleapis.com/v1/projects [none]
[debug] [2024-03-31T21:09:09.820Z] >>> [apiv2][body] POST https://cloudresourcemanager.googleapis.com/v1/projects {"projectId":"CS230ExamJam","name":"CS230ExamJam"}
[debug] [2024-03-31T21:09:10.029Z] <<< [apiv2][status] POST https://cloudresourcemanager.googleapis.com/v1/projects 400
[debug] [2024-03-31T21:09:10.029Z] <<< [apiv2][body] POST https://cloudresourcemanager.googleapis.com/v1/projects {"error":{"code":400,"message":"field [project_id] has issue [project_id contains invalid characters]","status":"INVALID_ARGUMENT","details":[{"@type":"type.googleapis.com/google.rpc.BadRequest","fieldViolations":[{"field":"project_id","description":"project_id contains invalid characters"}]},{"@type":"type.googleapis.com/google.rpc.Help","links":[{"url":"https://cloud.google.com/resource-manager/reference/rest/v1/projects"}]}]}}
[debug] [2024-03-31T21:09:10.031Z] FirebaseError: HTTP Error: 400, field [project_id] has issue [project_id contains invalid characters]
    at responseToError (C:\Users\kyech\.cache\firebase\tools\lib\node_modules\firebase-tools\lib\responseToError.js:49:12)
    at RetryOperation._fn (C:\Users\kyech\.cache\firebase\tools\lib\node_modules\firebase-tools\lib\apiv2.js:299:77)
    at process.processTicksAndRejections (node:internal/process/task_queues:95:5)
[error] 
[error] Error: Failed to create project. See firebase-debug.log for more info.
[debug] [2024-03-31T21:09:15.864Z] ----------------------------------------------------------------------
[debug] [2024-03-31T21:09:15.866Z] Command:       C:\Users\kyech\DOWNLO~1\firebase-tools-instant-win.exe C:\Users\kyech\.cache\firebase\tools\lib\node_modules\firebase-tools\lib\bin\firebase init hosting
[debug] [2024-03-31T21:09:15.867Z] CLI Version:   13.6.0
[debug] [2024-03-31T21:09:15.867Z] Platform:      win32
[debug] [2024-03-31T21:09:15.867Z] Node Version:  v18.5.0
[debug] [2024-03-31T21:09:15.868Z] Time:          Sun Mar 31 2024 17:09:15 GMT-0400 (Eastern Daylight Time)
[debug] [2024-03-31T21:09:15.868Z] ----------------------------------------------------------------------
[debug] 
[debug] [2024-03-31T21:09:15.874Z] > command requires scopes: ["email","openid","https://www.googleapis.com/auth/cloudplatformprojects.readonly","https://www.googleapis.com/auth/firebase","https://www.googleapis.com/auth/cloud-platform"]
[debug] [2024-03-31T21:09:15.875Z] > authorizing via signed-in user (examjamofficial@gmail.com)
[info] 
     ######## #### ########  ######## ########     ###     ######  ########
     ##        ##  ##     ## ##       ##     ##  ##   ##  ##       ##
     ######    ##  ########  ######   ########  #########  ######  ######
     ##        ##  ##    ##  ##       ##     ## ##     ##       ## ##
     ##       #### ##     ## ######## ########  ##     ##  ######  ########

You're about to initialize a Firebase project in this directory:

  C:\Users\kyech\CS230\exam-jam

[info] 
=== Project Setup
[info] 
[info] First, let's associate this project directory with a Firebase project.
[info] You can create multiple project aliases by running firebase use --add, 
[info] but for now we'll just set up a default project.
[info] 
[debug] [2024-03-31T21:09:20.292Z] >>> [apiv2][query] GET https://firebase.googleapis.com/v1beta1/projects pageSize=100
[debug] [2024-03-31T21:09:20.606Z] <<< [apiv2][status] GET https://firebase.googleapis.com/v1beta1/projects 200
[debug] [2024-03-31T21:09:20.606Z] <<< [apiv2][body] GET https://firebase.googleapis.com/v1beta1/projects [omitted]
[info] i  Using project examjam-firebase (examjam-firebase) 
[info] 
=== Hosting Setup
[debug] [2024-03-31T21:09:28.942Z] >>> [apiv2][query] GET https://firebase.googleapis.com/v1beta1/projects/examjam-firebase [none]
[debug] [2024-03-31T21:09:29.268Z] <<< [apiv2][status] GET https://firebase.googleapis.com/v1beta1/projects/examjam-firebase 200
[debug] [2024-03-31T21:09:29.268Z] <<< [apiv2][body] GET https://firebase.googleapis.com/v1beta1/projects/examjam-firebase {"projectId":"examjam-firebase","projectNumber":"353075002536","displayName":"examjam-firebase","name":"projects/examjam-firebase","resources":{"hostingSite":"examjam-firebase","realtimeDatabaseInstance":"examjam-firebase-default-rtdb","storageBucket":"examjam-firebase.appspot.com","locationId":"us-east1"},"state":"ACTIVE","etag":"1_c1f2d7cf-f832-4ccf-b656-e85536f4800b"}
[info] 
[info] Your public directory is the folder (relative to your project directory) that
[info] will contain Hosting assets to be uploaded with firebase deploy. If you
[info] have a build process for your assets, use your build's output directory.
[info] 
[info] +  Wrote public/404.html 
[debug] [2024-03-31T21:10:47.561Z] >>> [apiv2][query] GET https://www.gstatic.com/firebasejs/releases.json [none]
[debug] [2024-03-31T21:10:47.660Z] <<< [apiv2][status] GET https://www.gstatic.com/firebasejs/releases.json 200
[debug] [2024-03-31T21:10:47.660Z] <<< [apiv2][body] GET https://www.gstatic.com/firebasejs/releases.json {"current":{"version":"10.10.0","browserURL":"https://www.gstatic.com/firebasejs/10.10.0/firebase.js","packageURL":"https://www.gstatic.com/firebasejs/10.10.0/firebase.tgz"},"live":{"version":"10.10","browserURL":"https://www.gstatic.com/firebasejs/live/10.10/firebase.js","packageURL":"https://www.gstatic.com/firebasejs/live/10.10/firebase.tgz"},"components":{"analytics":"https://www.gstatic.com/firebasejs/10.10.0/firebase-analytics.js","app":"https://www.gstatic.com/firebasejs/10.10.0/firebase-app.js","app-check":"https://www.gstatic.com/firebasejs/10.10.0/firebase-app-check.js","auth":"https://www.gstatic.com/firebasejs/10.10.0/firebase-auth.js","auth/cordova":"https://www.gstatic.com/firebasejs/10.10.0/firebase-auth/cordova.js","auth/web-extension":"https://www.gstatic.com/firebasejs/10.10.0/firebase-auth/web-extension.js","functions":"https://www.gstatic.com/firebasejs/10.10.0/firebase-functions.js","firestore":"https://www.gstatic.com/firebasejs/10.10.0/firebase-firestore.js","firestore/lite":"https://www.gstatic.com/firebasejs/10.10.0/firebase-firestore/lite.js","installations":"https://www.gstatic.com/firebasejs/10.10.0/firebase-installations.js","storage":"https://www.gstatic.com/firebasejs/10.10.0/firebase-storage.js","performance":"https://www.gstatic.com/firebasejs/10.10.0/firebase-performance.js","remote-config":"https://www.gstatic.com/firebasejs/10.10.0/firebase-remote-config.js","messaging":"https://www.gstatic.com/firebasejs/10.10.0/firebase-messaging.js","messaging/sw":"https://www.gstatic.com/firebasejs/10.10.0/firebase-messaging/sw.js","database":"https://www.gstatic.com/firebasejs/10.10.0/firebase-database.js","firestore.memory":"https://www.gstatic.com/firebasejs/10.10.0/firebase-firestore.memory.js"}}
[info] +  Wrote public/index.html 
[info] 
[info] i  Detected a .git folder at C:\Users\kyech\CS230\exam-jam 
[info] i  Authorizing with GitHub to upload your service account to a GitHub repository's secrets store. 
[info] 
[info] Visit this URL on this device to log in:
[info] https://github.com/login/oauth/authorize?client_id=89cf50f02ac6aaed3484&state=395568360&redirect_uri=http%3A%2F%2Flocalhost%3A9005&scope=read%3Auser%20repo%20public_repo
[info] 
[info] Waiting for authentication...
[debug] [2024-03-31T21:11:06.771Z] >>> [apiv2][query] POST https://github.com/login/oauth/access_token [none]
[debug] [2024-03-31T21:11:06.771Z] >>> [apiv2][body] POST https://github.com/login/oauth/access_token [stream]
[debug] [2024-03-31T21:11:06.922Z] <<< [apiv2][status] POST https://github.com/login/oauth/access_token 200
[debug] [2024-03-31T21:11:06.922Z] <<< [apiv2][body] POST https://github.com/login/oauth/access_token {"access_token":"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","token_type":"bearer","scope":"read:user,repo"}
[debug] [2024-03-31T21:11:06.925Z] >>> [apiv2][query] GET https://api.github.com/user [none]
[debug] [2024-03-31T21:11:07.095Z] <<< [apiv2][status] GET https://api.github.com/user 200
[debug] [2024-03-31T21:11:07.095Z] <<< [apiv2][body] GET https://api.github.com/user {"login":"BuffBuffet","id":96891859,"node_id":"U_kgDOBcZz0w","avatar_url":"https://avatars.githubusercontent.com/u/96891859?v=4","gravatar_id":"","url":"https://api.github.com/users/BuffBuffet","html_url":"https://github.com/BuffBuffet","followers_url":"https://api.github.com/users/BuffBuffet/followers","following_url":"https://api.github.com/users/BuffBuffet/following{/other_user}","gists_url":"https://api.github.com/users/BuffBuffet/gists{/gist_id}","starred_url":"https://api.github.com/users/BuffBuffet/starred{/owner}{/repo}","subscriptions_url":"https://api.github.com/users/BuffBuffet/subscriptions","organizations_url":"https://api.github.com/users/BuffBuffet/orgs","repos_url":"https://api.github.com/users/BuffBuffet/repos","events_url":"https://api.github.com/users/BuffBuffet/events{/privacy}","received_events_url":"https://api.github.com/users/BuffBuffet/received_events","type":"User","site_admin":false,"name":"YechanKweon","company":null,"blog":"","location":null,"email":null,"hireable":null,"bio":null,"twitter_username":null,"public_repos":1,"public_gists":0,"followers":0,"following":0,"created_at":"2021-12-30T22:18:11Z","updated_at":"2024-03-22T19:29:36Z","private_gists":0,"total_private_repos":0,"owned_private_repos":0,"disk_usage":181,"collaborators":0,"two_factor_authentication":false,"plan":{"name":"free","space":976562499,"collaborators":0,"private_repos":10000}}
[info] 
[info] +  Success! Logged into GitHub as BuffBuffet 
[info] 
[debug] [2024-03-31T21:11:34.287Z] >>> [apiv2][query] GET https://api.github.com/repos/WVU-CS230-2024-01-Group01/exam-jam/actions/secrets/public-key type=owner
[debug] [2024-03-31T21:11:34.397Z] <<< [apiv2][status] GET https://api.github.com/repos/WVU-CS230-2024-01-Group01/exam-jam/actions/secrets/public-key 403
[debug] [2024-03-31T21:11:34.397Z] <<< [apiv2][body] GET https://api.github.com/repos/WVU-CS230-2024-01-Group01/exam-jam/actions/secrets/public-key {"message":"Must have admin rights to Repository.","documentation_url":"https://docs.github.com/rest/actions/secrets#get-a-repository-public-key"}
[info] 
[info] 
[error] !  The provided authorization cannot be used with this repository. If this repository is in an organization, did you remember to grant access? 
[info] 
[info] i  Action required: Visit this URL to ensure access has been granted to the appropriate organization(s) for the Firebase CLI GitHub OAuth App: 
[info] https://github.com/settings/connections/applications/89cf50f02ac6aaed3484
[info] 
